Running: /opt/Xilinx/14.4/ISE_DS/ISE/bin/lin64/unwrapped/fuse -intstyle ise -incremental -o /home/rudolffortes/Digital_Design/digital-design/Alarm_system/tb_Alaram_system_isim_beh.exe -prj /home/rudolffortes/Digital_Design/digital-design/Alarm_system/tb_Alaram_system_beh.prj work.tb_Alaram_system 
ISim P.49d (signature 0xfbc00daa)
Number of CPUs detected in this system: 2
Turning on mult-threading, number of parallel sub-compilation jobs: 4 
Determining compilation order of HDL files
Parsing VHDL file "/home/rudolffortes/Digital_Design/digital-design/Alarm_system/Alarm_system.vhd" into library work
Parsing VHDL file "/home/rudolffortes/Digital_Design/digital-design/Alarm_system/tb_Alaram_system.vhd" into library work
Starting static elaboration
Completed static elaboration
Fuse Memory Usage: 96108 KB
Fuse CPU Usage: 1570 ms
Compiling package standard
Compiling package std_logic_1164
Compiling architecture behavioral of entity Alarm_system [alarm_system_default]
Compiling architecture behavior of entity tb_alaram_system
Time Resolution for simulation is 1ps.
Compiled 5 VHDL Units
Built simulation executable /home/rudolffortes/Digital_Design/digital-design/Alarm_system/tb_Alaram_system_isim_beh.exe
Fuse Memory Usage: 399852 KB
Fuse CPU Usage: 1620 ms
GCC CPU Usage: 610 ms
